c:\users\user\source\repos\mazegame2\mazegame2\x64\debug\vc143.pdb
c:\users\user\source\repos\mazegame2\mazegame2\x64\debug\vc143.idb
c:\users\user\source\repos\mazegame2\mazegame2\x64\debug\gamescene.obj
c:\users\user\source\repos\mazegame2\mazegame2\x64\debug\mazemap.obj
c:\users\user\source\repos\mazegame2\mazegame2\x64\debug\main.obj
c:\users\user\source\repos\mazegame2\mazegame2\x64\debug\threadpool.obj
c:\users\user\source\repos\mazegame2\mazegame2\x64\debug\textsdb.obj
c:\users\user\source\repos\mazegame2\mazegame2\x64\debug\soundpad.obj
c:\users\user\source\repos\mazegame2\mazegame2\x64\debug\simplegameobject.obj
c:\users\user\source\repos\mazegame2\mazegame2\x64\debug\scenecontrol.obj
c:\users\user\source\repos\mazegame2\mazegame2\x64\debug\logger.obj
c:\users\user\source\repos\mazegame2\mazegame2\x64\debug\loader.obj
c:\users\user\source\repos\mazegame2\mazegame2\x64\debug\simplebutton.obj
c:\users\user\source\repos\mazegame2\mazegame2\x64\debug\label.obj
c:\users\user\source\repos\mazegame2\mazegame2\x64\debug\basegui.obj
c:\users\user\source\repos\mazegame2\mazegame2\x64\debug\eventhandler.obj
c:\users\user\source\repos\mazegame2\mazegame2\x64\debug\enginevariables.obj
c:\users\user\source\repos\mazegame2\mazegame2\x64\debug\wobbleeffect.obj
c:\users\user\source\repos\mazegame2\mazegame2\x64\debug\effect.obj
c:\users\user\source\repos\mazegame2\mazegame2\x64\debug\animatable.obj
c:\users\user\source\repos\mazegame2\x64\debug\mazegame2.exe
c:\users\user\source\repos\mazegame2\mazegame2\x64\debug\mazegame2.ilk
c:\users\user\source\repos\mazegame2\x64\debug\mazegame2.pdb
c:\users\user\source\repos\mazegame2\mazegame2\x64\debug\mazegame2.tlog\cl.command.1.tlog
c:\users\user\source\repos\mazegame2\mazegame2\x64\debug\mazegame2.tlog\cl.items.tlog
c:\users\user\source\repos\mazegame2\mazegame2\x64\debug\mazegame2.tlog\cl.read.1.tlog
c:\users\user\source\repos\mazegame2\mazegame2\x64\debug\mazegame2.tlog\cl.write.1.tlog
c:\users\user\source\repos\mazegame2\mazegame2\x64\debug\mazegame2.tlog\link.command.1.tlog
c:\users\user\source\repos\mazegame2\mazegame2\x64\debug\mazegame2.tlog\link.read.1.tlog
c:\users\user\source\repos\mazegame2\mazegame2\x64\debug\mazegame2.tlog\link.write.1.tlog
